<?xml version="1.0" encoding="UTF-8"?>
<testsuite xmlns:xsi="http://www.w3.org/2001/XMLSchema-instance" xsi:noNamespaceSchemaLocation="https://maven.apache.org/surefire/maven-surefire-plugin/xsd/surefire-test-report.xsd" name="org.springframework.samples.petclinic.PetclinicIntegrationTests" time="6.604" tests="1" errors="0" skipped="0" failures="0">
  <properties>
    <property name="git.tags" value=""/>
    <property name="java.specification.version" value="17"/>
    <property name="git.build.version" value="2.3.0.BUILD-SNAPSHOT"/>
    <property name="sun.jnu.encoding" value="ANSI_X3.4-1968"/>
    <property name="java.class.path" value="/opt/petclinic-2024/petclinic-2024/spring-petclinic/target/test-classes:/opt/petclinic-2024/petclinic-2024/spring-petclinic/target/classes:/root/.m2/repository/org/springframework/boot/spring-boot-starter-actuator/2.3.5.RELEASE/spring-boot-starter-actuator-2.3.5.RELEASE.jar:/root/.m2/repository/org/springframework/boot/spring-boot-starter/2.3.5.RELEASE/spring-boot-starter-2.3.5.RELEASE.jar:/root/.m2/repository/org/springframework/boot/spring-boot-starter-logging/2.3.5.RELEASE/spring-boot-starter-logging-2.3.5.RELEASE.jar:/root/.m2/repository/ch/qos/logback/logback-classic/1.2.3/logback-classic-1.2.3.jar:/root/.m2/repository/ch/qos/logback/logback-core/1.2.3/logback-core-1.2.3.jar:/root/.m2/repository/org/apache/logging/log4j/log4j-to-slf4j/2.13.3/log4j-to-slf4j-2.13.3.jar:/root/.m2/repository/org/apache/logging/log4j/log4j-api/2.13.3/log4j-api-2.13.3.jar:/root/.m2/repository/org/slf4j/jul-to-slf4j/1.7.30/jul-to-slf4j-1.7.30.jar:/root/.m2/repository/jakarta/annotation/jakarta.annotation-api/1.3.5/jakarta.annotation-api-1.3.5.jar:/root/.m2/repository/org/yaml/snakeyaml/1.26/snakeyaml-1.26.jar:/root/.m2/repository/org/springframework/boot/spring-boot-actuator-autoconfigure/2.3.5.RELEASE/spring-boot-actuator-autoconfigure-2.3.5.RELEASE.jar:/root/.m2/repository/org/springframework/boot/spring-boot-actuator/2.3.5.RELEASE/spring-boot-actuator-2.3.5.RELEASE.jar:/root/.m2/repository/com/fasterxml/jackson/core/jackson-databind/2.11.3/jackson-databind-2.11.3.jar:/root/.m2/repository/com/fasterxml/jackson/core/jackson-annotations/2.11.3/jackson-annotations-2.11.3.jar:/root/.m2/repository/com/fasterxml/jackson/datatype/jackson-datatype-jsr310/2.11.3/jackson-datatype-jsr310-2.11.3.jar:/root/.m2/repository/io/micrometer/micrometer-core/1.5.6/micrometer-core-1.5.6.jar:/root/.m2/repository/org/hdrhistogram/HdrHistogram/2.1.12/HdrHistogram-2.1.12.jar:/root/.m2/repository/org/latencyutils/LatencyUtils/2.0.3/LatencyUtils-2.0.3.jar:/root/.m2/repository/org/springframework/boot/spring-boot-starter-cache/2.3.5.RELEASE/spring-boot-starter-cache-2.3.5.RELEASE.jar:/root/.m2/repository/org/springframework/spring-context-support/5.2.10.RELEASE/spring-context-support-5.2.10.RELEASE.jar:/root/.m2/repository/org/springframework/spring-beans/5.2.10.RELEASE/spring-beans-5.2.10.RELEASE.jar:/root/.m2/repository/org/springframework/spring-context/5.2.10.RELEASE/spring-context-5.2.10.RELEASE.jar:/root/.m2/repository/org/springframework/boot/spring-boot-starter-data-jpa/2.3.5.RELEASE/spring-boot-starter-data-jpa-2.3.5.RELEASE.jar:/root/.m2/repository/org/springframework/boot/spring-boot-starter-aop/2.3.5.RELEASE/spring-boot-starter-aop-2.3.5.RELEASE.jar:/root/.m2/repository/org/springframework/spring-aop/5.2.10.RELEASE/spring-aop-5.2.10.RELEASE.jar:/root/.m2/repository/org/aspectj/aspectjweaver/1.9.6/aspectjweaver-1.9.6.jar:/root/.m2/repository/org/springframework/boot/spring-boot-starter-jdbc/2.3.5.RELEASE/spring-boot-starter-jdbc-2.3.5.RELEASE.jar:/root/.m2/repository/com/zaxxer/HikariCP/3.4.5/HikariCP-3.4.5.jar:/root/.m2/repository/org/springframework/spring-jdbc/5.2.10.RELEASE/spring-jdbc-5.2.10.RELEASE.jar:/root/.m2/repository/jakarta/transaction/jakarta.transaction-api/1.3.3/jakarta.transaction-api-1.3.3.jar:/root/.m2/repository/jakarta/persistence/jakarta.persistence-api/2.2.3/jakarta.persistence-api-2.2.3.jar:/root/.m2/repository/org/hibernate/hibernate-core/5.4.22.Final/hibernate-core-5.4.22.Final.jar:/root/.m2/repository/org/jboss/logging/jboss-logging/3.4.1.Final/jboss-logging-3.4.1.Final.jar:/root/.m2/repository/org/javassist/javassist/3.24.0-GA/javassist-3.24.0-GA.jar:/root/.m2/repository/net/bytebuddy/byte-buddy/1.10.17/byte-buddy-1.10.17.jar:/root/.m2/repository/antlr/antlr/2.7.7/antlr-2.7.7.jar:/root/.m2/repository/org/jboss/jandex/2.1.3.Final/jandex-2.1.3.Final.jar:/root/.m2/repository/com/fasterxml/classmate/1.5.1/classmate-1.5.1.jar:/root/.m2/repository/org/dom4j/dom4j/2.1.3/dom4j-2.1.3.jar:/root/.m2/repository/org/hibernate/common/hibernate-commons-annotations/5.1.0.Final/hibernate-commons-annotations-5.1.0.Final.jar:/root/.m2/repository/org/springframework/data/spring-data-jpa/2.3.5.RELEASE/spring-data-jpa-2.3.5.RELEASE.jar:/root/.m2/repository/org/springframework/data/spring-data-commons/2.3.5.RELEASE/spring-data-commons-2.3.5.RELEASE.jar:/root/.m2/repository/org/springframework/spring-orm/5.2.10.RELEASE/spring-orm-5.2.10.RELEASE.jar:/root/.m2/repository/org/springframework/spring-tx/5.2.10.RELEASE/spring-tx-5.2.10.RELEASE.jar:/root/.m2/repository/org/springframework/spring-aspects/5.2.10.RELEASE/spring-aspects-5.2.10.RELEASE.jar:/root/.m2/repository/org/springframework/boot/spring-boot-starter-web/2.3.5.RELEASE/spring-boot-starter-web-2.3.5.RELEASE.jar:/root/.m2/repository/org/springframework/boot/spring-boot-starter-json/2.3.5.RELEASE/spring-boot-starter-json-2.3.5.RELEASE.jar:/root/.m2/repository/com/fasterxml/jackson/datatype/jackson-datatype-jdk8/2.11.3/jackson-datatype-jdk8-2.11.3.jar:/root/.m2/repository/com/fasterxml/jackson/module/jackson-module-parameter-names/2.11.3/jackson-module-parameter-names-2.11.3.jar:/root/.m2/repository/org/springframework/boot/spring-boot-starter-tomcat/2.3.5.RELEASE/spring-boot-starter-tomcat-2.3.5.RELEASE.jar:/root/.m2/repository/org/apache/tomcat/embed/tomcat-embed-core/9.0.39/tomcat-embed-core-9.0.39.jar:/root/.m2/repository/org/apache/tomcat/embed/tomcat-embed-websocket/9.0.39/tomcat-embed-websocket-9.0.39.jar:/root/.m2/repository/org/springframework/spring-web/5.2.10.RELEASE/spring-web-5.2.10.RELEASE.jar:/root/.m2/repository/org/springframework/spring-webmvc/5.2.10.RELEASE/spring-webmvc-5.2.10.RELEASE.jar:/root/.m2/repository/org/springframework/spring-expression/5.2.10.RELEASE/spring-expression-5.2.10.RELEASE.jar:/root/.m2/repository/org/springframework/boot/spring-boot-starter-validation/2.3.5.RELEASE/spring-boot-starter-validation-2.3.5.RELEASE.jar:/root/.m2/repository/org/glassfish/jakarta.el/3.0.3/jakarta.el-3.0.3.jar:/root/.m2/repository/org/hibernate/validator/hibernate-validator/6.1.6.Final/hibernate-validator-6.1.6.Final.jar:/root/.m2/repository/jakarta/validation/jakarta.validation-api/2.0.2/jakarta.validation-api-2.0.2.jar:/root/.m2/repository/org/springframework/boot/spring-boot-starter-thymeleaf/2.3.5.RELEASE/spring-boot-starter-thymeleaf-2.3.5.RELEASE.jar:/root/.m2/repository/org/thymeleaf/thymeleaf-spring5/3.0.11.RELEASE/thymeleaf-spring5-3.0.11.RELEASE.jar:/root/.m2/repository/org/thymeleaf/thymeleaf/3.0.11.RELEASE/thymeleaf-3.0.11.RELEASE.jar:/root/.m2/repository/org/attoparser/attoparser/2.0.5.RELEASE/attoparser-2.0.5.RELEASE.jar:/root/.m2/repository/org/unbescape/unbescape/1.1.6.RELEASE/unbescape-1.1.6.RELEASE.jar:/root/.m2/repository/org/thymeleaf/extras/thymeleaf-extras-java8time/3.0.4.RELEASE/thymeleaf-extras-java8time-3.0.4.RELEASE.jar:/root/.m2/repository/org/springframework/boot/spring-boot-starter-test/2.3.5.RELEASE/spring-boot-starter-test-2.3.5.RELEASE.jar:/root/.m2/repository/org/springframework/boot/spring-boot-test/2.3.5.RELEASE/spring-boot-test-2.3.5.RELEASE.jar:/root/.m2/repository/org/springframework/boot/spring-boot-test-autoconfigure/2.3.5.RELEASE/spring-boot-test-autoconfigure-2.3.5.RELEASE.jar:/root/.m2/repository/com/jayway/jsonpath/json-path/2.4.0/json-path-2.4.0.jar:/root/.m2/repository/net/minidev/json-smart/2.3/json-smart-2.3.jar:/root/.m2/repository/net/minidev/accessors-smart/1.2/accessors-smart-1.2.jar:/root/.m2/repository/org/ow2/asm/asm/5.0.4/asm-5.0.4.jar:/root/.m2/repository/jakarta/xml/bind/jakarta.xml.bind-api/2.3.3/jakarta.xml.bind-api-2.3.3.jar:/root/.m2/repository/jakarta/activation/jakarta.activation-api/1.2.2/jakarta.activation-api-1.2.2.jar:/root/.m2/repository/org/assertj/assertj-core/3.16.1/assertj-core-3.16.1.jar:/root/.m2/repository/org/hamcrest/hamcrest/2.2/hamcrest-2.2.jar:/root/.m2/repository/org/junit/jupiter/junit-jupiter/5.6.3/junit-jupiter-5.6.3.jar:/root/.m2/repository/org/junit/jupiter/junit-jupiter-api/5.6.3/junit-jupiter-api-5.6.3.jar:/root/.m2/repository/org/apiguardian/apiguardian-api/1.1.0/apiguardian-api-1.1.0.jar:/root/.m2/repository/org/opentest4j/opentest4j/1.2.0/opentest4j-1.2.0.jar:/root/.m2/repository/org/junit/platform/junit-platform-commons/1.6.3/junit-platform-commons-1.6.3.jar:/root/.m2/repository/org/junit/jupiter/junit-jupiter-params/5.6.3/junit-jupiter-params-5.6.3.jar:/root/.m2/repository/org/junit/jupiter/junit-jupiter-engine/5.6.3/junit-jupiter-engine-5.6.3.jar:/root/.m2/repository/org/junit/platform/junit-platform-engine/1.6.3/junit-platform-engine-1.6.3.jar:/root/.m2/repository/org/mockito/mockito-core/3.3.3/mockito-core-3.3.3.jar:/root/.m2/repository/net/bytebuddy/byte-buddy-agent/1.10.17/byte-buddy-agent-1.10.17.jar:/root/.m2/repository/org/objenesis/objenesis/2.6/objenesis-2.6.jar:/root/.m2/repository/org/mockito/mockito-junit-jupiter/3.3.3/mockito-junit-jupiter-3.3.3.jar:/root/.m2/repository/org/skyscreamer/jsonassert/1.5.0/jsonassert-1.5.0.jar:/root/.m2/repository/com/vaadin/external/google/android-json/0.0.20131108.vaadin1/android-json-0.0.20131108.vaadin1.jar:/root/.m2/repository/org/springframework/spring-core/5.2.10.RELEASE/spring-core-5.2.10.RELEASE.jar:/root/.m2/repository/org/springframework/spring-jcl/5.2.10.RELEASE/spring-jcl-5.2.10.RELEASE.jar:/root/.m2/repository/org/springframework/spring-test/5.2.10.RELEASE/spring-test-5.2.10.RELEASE.jar:/root/.m2/repository/org/xmlunit/xmlunit-core/2.7.0/xmlunit-core-2.7.0.jar:/root/.m2/repository/com/h2database/h2/1.4.200/h2-1.4.200.jar:/root/.m2/repository/mysql/mysql-connector-java/8.0.22/mysql-connector-java-8.0.22.jar:/root/.m2/repository/javax/cache/cache-api/1.1.1/cache-api-1.1.1.jar:/root/.m2/repository/org/ehcache/ehcache/3.8.1/ehcache-3.8.1.jar:/root/.m2/repository/org/slf4j/slf4j-api/1.7.30/slf4j-api-1.7.30.jar:/root/.m2/repository/org/glassfish/jaxb/jaxb-runtime/2.3.3/jaxb-runtime-2.3.3.jar:/root/.m2/repository/org/glassfish/jaxb/txw2/2.3.3/txw2-2.3.3.jar:/root/.m2/repository/com/sun/istack/istack-commons-runtime/3.0.11/istack-commons-runtime-3.0.11.jar:/root/.m2/repository/com/sun/activation/jakarta.activation/1.2.2/jakarta.activation-1.2.2.jar:/root/.m2/repository/org/webjars/webjars-locator-core/0.45/webjars-locator-core-0.45.jar:/root/.m2/repository/io/github/classgraph/classgraph/4.8.69/classgraph-4.8.69.jar:/root/.m2/repository/com/fasterxml/jackson/core/jackson-core/2.11.3/jackson-core-2.11.3.jar:/root/.m2/repository/org/webjars/jquery/2.2.4/jquery-2.2.4.jar:/root/.m2/repository/org/webjars/jquery-ui/1.11.4/jquery-ui-1.11.4.jar:/root/.m2/repository/org/webjars/bootstrap/3.3.6/bootstrap-3.3.6.jar:/root/.m2/repository/org/springframework/boot/spring-boot-devtools/2.3.5.RELEASE/spring-boot-devtools-2.3.5.RELEASE.jar:/root/.m2/repository/org/springframework/boot/spring-boot/2.3.5.RELEASE/spring-boot-2.3.5.RELEASE.jar:/root/.m2/repository/org/springframework/boot/spring-boot-autoconfigure/2.3.5.RELEASE/spring-boot-autoconfigure-2.3.5.RELEASE.jar:"/>
    <property name="git.branch" value="main"/>
    <property name="git.build.host" value="mysql-serv-02-rh8.myguest.virtualbox.org"/>
    <property name="java.vm.vendor" value="Red Hat, Inc."/>
    <property name="sun.arch.data.model" value="64"/>
    <property name="git.commit.id" value="8b1ac6736e3347f34d79620170983fc4c99746cb"/>
    <property name="java.vendor.url" value="https://www.redhat.com/"/>
    <property name="java.vm.specification.version" value="17"/>
    <property name="os.name" value="Linux"/>
    <property name="sun.java.launcher" value="SUN_STANDARD"/>
    <property name="user.country" value="US"/>
    <property name="git.build.user.name" value=""/>
    <property name="sun.boot.library.path" value="/usr/lib/jvm/java-17-openjdk-17.0.11.0.9-2.el8.x86_64/lib"/>
    <property name="sun.java.command" value="/opt/petclinic-2024/petclinic-2024/spring-petclinic/target/surefire/surefirebooter16604003296756932645.jar /opt/petclinic-2024/petclinic-2024/spring-petclinic/target/surefire 2024-05-23T11-16-57_901-jvmRun1 surefire6795256871322657605tmp surefire_05866020741500067669tmp"/>
    <property name="jdk.debug" value="release"/>
    <property name="surefire.test.class.path" value="/opt/petclinic-2024/petclinic-2024/spring-petclinic/target/test-classes:/opt/petclinic-2024/petclinic-2024/spring-petclinic/target/classes:/root/.m2/repository/org/springframework/boot/spring-boot-starter-actuator/2.3.5.RELEASE/spring-boot-starter-actuator-2.3.5.RELEASE.jar:/root/.m2/repository/org/springframework/boot/spring-boot-starter/2.3.5.RELEASE/spring-boot-starter-2.3.5.RELEASE.jar:/root/.m2/repository/org/springframework/boot/spring-boot-starter-logging/2.3.5.RELEASE/spring-boot-starter-logging-2.3.5.RELEASE.jar:/root/.m2/repository/ch/qos/logback/logback-classic/1.2.3/logback-classic-1.2.3.jar:/root/.m2/repository/ch/qos/logback/logback-core/1.2.3/logback-core-1.2.3.jar:/root/.m2/repository/org/apache/logging/log4j/log4j-to-slf4j/2.13.3/log4j-to-slf4j-2.13.3.jar:/root/.m2/repository/org/apache/logging/log4j/log4j-api/2.13.3/log4j-api-2.13.3.jar:/root/.m2/repository/org/slf4j/jul-to-slf4j/1.7.30/jul-to-slf4j-1.7.30.jar:/root/.m2/repository/jakarta/annotation/jakarta.annotation-api/1.3.5/jakarta.annotation-api-1.3.5.jar:/root/.m2/repository/org/yaml/snakeyaml/1.26/snakeyaml-1.26.jar:/root/.m2/repository/org/springframework/boot/spring-boot-actuator-autoconfigure/2.3.5.RELEASE/spring-boot-actuator-autoconfigure-2.3.5.RELEASE.jar:/root/.m2/repository/org/springframework/boot/spring-boot-actuator/2.3.5.RELEASE/spring-boot-actuator-2.3.5.RELEASE.jar:/root/.m2/repository/com/fasterxml/jackson/core/jackson-databind/2.11.3/jackson-databind-2.11.3.jar:/root/.m2/repository/com/fasterxml/jackson/core/jackson-annotations/2.11.3/jackson-annotations-2.11.3.jar:/root/.m2/repository/com/fasterxml/jackson/datatype/jackson-datatype-jsr310/2.11.3/jackson-datatype-jsr310-2.11.3.jar:/root/.m2/repository/io/micrometer/micrometer-core/1.5.6/micrometer-core-1.5.6.jar:/root/.m2/repository/org/hdrhistogram/HdrHistogram/2.1.12/HdrHistogram-2.1.12.jar:/root/.m2/repository/org/latencyutils/LatencyUtils/2.0.3/LatencyUtils-2.0.3.jar:/root/.m2/repository/org/springframework/boot/spring-boot-starter-cache/2.3.5.RELEASE/spring-boot-starter-cache-2.3.5.RELEASE.jar:/root/.m2/repository/org/springframework/spring-context-support/5.2.10.RELEASE/spring-context-support-5.2.10.RELEASE.jar:/root/.m2/repository/org/springframework/spring-beans/5.2.10.RELEASE/spring-beans-5.2.10.RELEASE.jar:/root/.m2/repository/org/springframework/spring-context/5.2.10.RELEASE/spring-context-5.2.10.RELEASE.jar:/root/.m2/repository/org/springframework/boot/spring-boot-starter-data-jpa/2.3.5.RELEASE/spring-boot-starter-data-jpa-2.3.5.RELEASE.jar:/root/.m2/repository/org/springframework/boot/spring-boot-starter-aop/2.3.5.RELEASE/spring-boot-starter-aop-2.3.5.RELEASE.jar:/root/.m2/repository/org/springframework/spring-aop/5.2.10.RELEASE/spring-aop-5.2.10.RELEASE.jar:/root/.m2/repository/org/aspectj/aspectjweaver/1.9.6/aspectjweaver-1.9.6.jar:/root/.m2/repository/org/springframework/boot/spring-boot-starter-jdbc/2.3.5.RELEASE/spring-boot-starter-jdbc-2.3.5.RELEASE.jar:/root/.m2/repository/com/zaxxer/HikariCP/3.4.5/HikariCP-3.4.5.jar:/root/.m2/repository/org/springframework/spring-jdbc/5.2.10.RELEASE/spring-jdbc-5.2.10.RELEASE.jar:/root/.m2/repository/jakarta/transaction/jakarta.transaction-api/1.3.3/jakarta.transaction-api-1.3.3.jar:/root/.m2/repository/jakarta/persistence/jakarta.persistence-api/2.2.3/jakarta.persistence-api-2.2.3.jar:/root/.m2/repository/org/hibernate/hibernate-core/5.4.22.Final/hibernate-core-5.4.22.Final.jar:/root/.m2/repository/org/jboss/logging/jboss-logging/3.4.1.Final/jboss-logging-3.4.1.Final.jar:/root/.m2/repository/org/javassist/javassist/3.24.0-GA/javassist-3.24.0-GA.jar:/root/.m2/repository/net/bytebuddy/byte-buddy/1.10.17/byte-buddy-1.10.17.jar:/root/.m2/repository/antlr/antlr/2.7.7/antlr-2.7.7.jar:/root/.m2/repository/org/jboss/jandex/2.1.3.Final/jandex-2.1.3.Final.jar:/root/.m2/repository/com/fasterxml/classmate/1.5.1/classmate-1.5.1.jar:/root/.m2/repository/org/dom4j/dom4j/2.1.3/dom4j-2.1.3.jar:/root/.m2/repository/org/hibernate/common/hibernate-commons-annotations/5.1.0.Final/hibernate-commons-annotations-5.1.0.Final.jar:/root/.m2/repository/org/springframework/data/spring-data-jpa/2.3.5.RELEASE/spring-data-jpa-2.3.5.RELEASE.jar:/root/.m2/repository/org/springframework/data/spring-data-commons/2.3.5.RELEASE/spring-data-commons-2.3.5.RELEASE.jar:/root/.m2/repository/org/springframework/spring-orm/5.2.10.RELEASE/spring-orm-5.2.10.RELEASE.jar:/root/.m2/repository/org/springframework/spring-tx/5.2.10.RELEASE/spring-tx-5.2.10.RELEASE.jar:/root/.m2/repository/org/springframework/spring-aspects/5.2.10.RELEASE/spring-aspects-5.2.10.RELEASE.jar:/root/.m2/repository/org/springframework/boot/spring-boot-starter-web/2.3.5.RELEASE/spring-boot-starter-web-2.3.5.RELEASE.jar:/root/.m2/repository/org/springframework/boot/spring-boot-starter-json/2.3.5.RELEASE/spring-boot-starter-json-2.3.5.RELEASE.jar:/root/.m2/repository/com/fasterxml/jackson/datatype/jackson-datatype-jdk8/2.11.3/jackson-datatype-jdk8-2.11.3.jar:/root/.m2/repository/com/fasterxml/jackson/module/jackson-module-parameter-names/2.11.3/jackson-module-parameter-names-2.11.3.jar:/root/.m2/repository/org/springframework/boot/spring-boot-starter-tomcat/2.3.5.RELEASE/spring-boot-starter-tomcat-2.3.5.RELEASE.jar:/root/.m2/repository/org/apache/tomcat/embed/tomcat-embed-core/9.0.39/tomcat-embed-core-9.0.39.jar:/root/.m2/repository/org/apache/tomcat/embed/tomcat-embed-websocket/9.0.39/tomcat-embed-websocket-9.0.39.jar:/root/.m2/repository/org/springframework/spring-web/5.2.10.RELEASE/spring-web-5.2.10.RELEASE.jar:/root/.m2/repository/org/springframework/spring-webmvc/5.2.10.RELEASE/spring-webmvc-5.2.10.RELEASE.jar:/root/.m2/repository/org/springframework/spring-expression/5.2.10.RELEASE/spring-expression-5.2.10.RELEASE.jar:/root/.m2/repository/org/springframework/boot/spring-boot-starter-validation/2.3.5.RELEASE/spring-boot-starter-validation-2.3.5.RELEASE.jar:/root/.m2/repository/org/glassfish/jakarta.el/3.0.3/jakarta.el-3.0.3.jar:/root/.m2/repository/org/hibernate/validator/hibernate-validator/6.1.6.Final/hibernate-validator-6.1.6.Final.jar:/root/.m2/repository/jakarta/validation/jakarta.validation-api/2.0.2/jakarta.validation-api-2.0.2.jar:/root/.m2/repository/org/springframework/boot/spring-boot-starter-thymeleaf/2.3.5.RELEASE/spring-boot-starter-thymeleaf-2.3.5.RELEASE.jar:/root/.m2/repository/org/thymeleaf/thymeleaf-spring5/3.0.11.RELEASE/thymeleaf-spring5-3.0.11.RELEASE.jar:/root/.m2/repository/org/thymeleaf/thymeleaf/3.0.11.RELEASE/thymeleaf-3.0.11.RELEASE.jar:/root/.m2/repository/org/attoparser/attoparser/2.0.5.RELEASE/attoparser-2.0.5.RELEASE.jar:/root/.m2/repository/org/unbescape/unbescape/1.1.6.RELEASE/unbescape-1.1.6.RELEASE.jar:/root/.m2/repository/org/thymeleaf/extras/thymeleaf-extras-java8time/3.0.4.RELEASE/thymeleaf-extras-java8time-3.0.4.RELEASE.jar:/root/.m2/repository/org/springframework/boot/spring-boot-starter-test/2.3.5.RELEASE/spring-boot-starter-test-2.3.5.RELEASE.jar:/root/.m2/repository/org/springframework/boot/spring-boot-test/2.3.5.RELEASE/spring-boot-test-2.3.5.RELEASE.jar:/root/.m2/repository/org/springframework/boot/spring-boot-test-autoconfigure/2.3.5.RELEASE/spring-boot-test-autoconfigure-2.3.5.RELEASE.jar:/root/.m2/repository/com/jayway/jsonpath/json-path/2.4.0/json-path-2.4.0.jar:/root/.m2/repository/net/minidev/json-smart/2.3/json-smart-2.3.jar:/root/.m2/repository/net/minidev/accessors-smart/1.2/accessors-smart-1.2.jar:/root/.m2/repository/org/ow2/asm/asm/5.0.4/asm-5.0.4.jar:/root/.m2/repository/jakarta/xml/bind/jakarta.xml.bind-api/2.3.3/jakarta.xml.bind-api-2.3.3.jar:/root/.m2/repository/jakarta/activation/jakarta.activation-api/1.2.2/jakarta.activation-api-1.2.2.jar:/root/.m2/repository/org/assertj/assertj-core/3.16.1/assertj-core-3.16.1.jar:/root/.m2/repository/org/hamcrest/hamcrest/2.2/hamcrest-2.2.jar:/root/.m2/repository/org/junit/jupiter/junit-jupiter/5.6.3/junit-jupiter-5.6.3.jar:/root/.m2/repository/org/junit/jupiter/junit-jupiter-api/5.6.3/junit-jupiter-api-5.6.3.jar:/root/.m2/repository/org/apiguardian/apiguardian-api/1.1.0/apiguardian-api-1.1.0.jar:/root/.m2/repository/org/opentest4j/opentest4j/1.2.0/opentest4j-1.2.0.jar:/root/.m2/repository/org/junit/platform/junit-platform-commons/1.6.3/junit-platform-commons-1.6.3.jar:/root/.m2/repository/org/junit/jupiter/junit-jupiter-params/5.6.3/junit-jupiter-params-5.6.3.jar:/root/.m2/repository/org/junit/jupiter/junit-jupiter-engine/5.6.3/junit-jupiter-engine-5.6.3.jar:/root/.m2/repository/org/junit/platform/junit-platform-engine/1.6.3/junit-platform-engine-1.6.3.jar:/root/.m2/repository/org/mockito/mockito-core/3.3.3/mockito-core-3.3.3.jar:/root/.m2/repository/net/bytebuddy/byte-buddy-agent/1.10.17/byte-buddy-agent-1.10.17.jar:/root/.m2/repository/org/objenesis/objenesis/2.6/objenesis-2.6.jar:/root/.m2/repository/org/mockito/mockito-junit-jupiter/3.3.3/mockito-junit-jupiter-3.3.3.jar:/root/.m2/repository/org/skyscreamer/jsonassert/1.5.0/jsonassert-1.5.0.jar:/root/.m2/repository/com/vaadin/external/google/android-json/0.0.20131108.vaadin1/android-json-0.0.20131108.vaadin1.jar:/root/.m2/repository/org/springframework/spring-core/5.2.10.RELEASE/spring-core-5.2.10.RELEASE.jar:/root/.m2/repository/org/springframework/spring-jcl/5.2.10.RELEASE/spring-jcl-5.2.10.RELEASE.jar:/root/.m2/repository/org/springframework/spring-test/5.2.10.RELEASE/spring-test-5.2.10.RELEASE.jar:/root/.m2/repository/org/xmlunit/xmlunit-core/2.7.0/xmlunit-core-2.7.0.jar:/root/.m2/repository/com/h2database/h2/1.4.200/h2-1.4.200.jar:/root/.m2/repository/mysql/mysql-connector-java/8.0.22/mysql-connector-java-8.0.22.jar:/root/.m2/repository/javax/cache/cache-api/1.1.1/cache-api-1.1.1.jar:/root/.m2/repository/org/ehcache/ehcache/3.8.1/ehcache-3.8.1.jar:/root/.m2/repository/org/slf4j/slf4j-api/1.7.30/slf4j-api-1.7.30.jar:/root/.m2/repository/org/glassfish/jaxb/jaxb-runtime/2.3.3/jaxb-runtime-2.3.3.jar:/root/.m2/repository/org/glassfish/jaxb/txw2/2.3.3/txw2-2.3.3.jar:/root/.m2/repository/com/sun/istack/istack-commons-runtime/3.0.11/istack-commons-runtime-3.0.11.jar:/root/.m2/repository/com/sun/activation/jakarta.activation/1.2.2/jakarta.activation-1.2.2.jar:/root/.m2/repository/org/webjars/webjars-locator-core/0.45/webjars-locator-core-0.45.jar:/root/.m2/repository/io/github/classgraph/classgraph/4.8.69/classgraph-4.8.69.jar:/root/.m2/repository/com/fasterxml/jackson/core/jackson-core/2.11.3/jackson-core-2.11.3.jar:/root/.m2/repository/org/webjars/jquery/2.2.4/jquery-2.2.4.jar:/root/.m2/repository/org/webjars/jquery-ui/1.11.4/jquery-ui-1.11.4.jar:/root/.m2/repository/org/webjars/bootstrap/3.3.6/bootstrap-3.3.6.jar:/root/.m2/repository/org/springframework/boot/spring-boot-devtools/2.3.5.RELEASE/spring-boot-devtools-2.3.5.RELEASE.jar:/root/.m2/repository/org/springframework/boot/spring-boot/2.3.5.RELEASE/spring-boot-2.3.5.RELEASE.jar:/root/.m2/repository/org/springframework/boot/spring-boot-autoconfigure/2.3.5.RELEASE/spring-boot-autoconfigure-2.3.5.RELEASE.jar:"/>
    <property name="sun.cpu.endian" value="little"/>
    <property name="user.home" value="/root"/>
    <property name="user.language" value="en"/>
    <property name="git.closest.tag.commit.count" value=""/>
    <property name="java.specification.vendor" value="Oracle Corporation"/>
    <property name="java.version.date" value="2024-04-16"/>
    <property name="java.home" value="/usr/lib/jvm/java-17-openjdk-17.0.11.0.9-2.el8.x86_64"/>
    <property name="git.total.commit.count" value="720"/>
    <property name="file.separator" value="/"/>
    <property name="basedir" value="/opt/petclinic-2024/petclinic-2024/spring-petclinic"/>
    <property name="java.vm.compressedOopsMode" value="32-bit"/>
    <property name="line.separator" value="&#10;"/>
    <property name="git.build.user.email" value=""/>
    <property name="java.vm.specification.vendor" value="Oracle Corporation"/>
    <property name="java.specification.name" value="Java Platform API Specification"/>
    <property name="git.closest.tag.name" value=""/>
    <property name="git.local.branch.ahead" value="0"/>
    <property name="git.build.time" value="2024-05-23T11:13:33+0530"/>
    <property name="surefire.real.class.path" value="/opt/petclinic-2024/petclinic-2024/spring-petclinic/target/surefire/surefirebooter16604003296756932645.jar"/>
    <property name="git.commit.message.full" value="Updated user for mysql&#10;&#10;Updated creation of user for mysql db. Previously lack of quotes resulted in creation of incorrect user (petclinic@% instead of just petclinic)"/>
    <property name="sun.management.compiler" value="HotSpot 64-Bit Tiered Compilers"/>
    <property name="java.runtime.version" value="17.0.11+9-LTS"/>
    <property name="user.name" value="root"/>
    <property name="path.separator" value=":"/>
    <property name="os.version" value="4.18.0-147.el8.x86_64"/>
    <property name="java.runtime.name" value="OpenJDK Runtime Environment"/>
    <property name="file.encoding" value="ANSI_X3.4-1968"/>
    <property name="git.commit.user.email" value="yur6996@ukr.net"/>
    <property name="java.vm.name" value="OpenJDK 64-Bit Server VM"/>
    <property name="java.vendor.version" value="(Red_Hat-17.0.11.0.9-3)"/>
    <property name="git.local.branch.behind" value="0"/>
    <property name="git.dirty" value="false"/>
    <property name="localRepository" value="/root/.m2/repository"/>
    <property name="java.vendor.url.bug" value="https://access.redhat.com/support/cases/"/>
    <property name="java.io.tmpdir" value="/tmp"/>
    <property name="java.version" value="17.0.11"/>
    <property name="user.dir" value="/opt/petclinic-2024/petclinic-2024/spring-petclinic"/>
    <property name="os.arch" value="amd64"/>
    <property name="git.commit.user.name" value="Cesarion Pshebytski"/>
    <property name="git.commit.id.abbrev" value="8b1ac67"/>
    <property name="java.vm.specification.name" value="Java Virtual Machine Specification"/>
    <property name="git.commit.id.describe-short" value="8b1ac67"/>
    <property name="git.commit.id.describe" value="8b1ac67"/>
    <property name="native.encoding" value="ANSI_X3.4-1968"/>
    <property name="java.library.path" value="/usr/java/packages/lib:/usr/lib64:/lib64:/lib:/usr/lib"/>
    <property name="git.commit.message.short" value="Updated user for mysql"/>
    <property name="java.vm.info" value="mixed mode, sharing"/>
    <property name="java.vendor" value="Red Hat, Inc."/>
    <property name="java.vm.version" value="17.0.11+9-LTS"/>
    <property name="sun.io.unicode.encoding" value="UnicodeLittle"/>
    <property name="java.class.version" value="61.0"/>
    <property name="git.commit.time" value="2020-11-06T16:43:25+0530"/>
    <property name="git.remote.origin.url" value="https://github.com/asquarezone/spring-petclinic.git"/>
  </properties>
  <testcase name="testFindAll" classname="org.springframework.samples.petclinic.PetclinicIntegrationTests" time="0.091"/>
</testsuite>